<html>
<head>
<title>TestNG:  FUnctionalTest</title>
<link href="../testng.css" rel="stylesheet" type="text/css" />
<link href="../my-testng.css" rel="stylesheet" type="text/css" />

<style type="text/css">
.log { display: none;} 
.stack-trace { display: none;} 
</style>
<script type="text/javascript">
<!--
function flip(e) {
  current = e.style.display;
  if (current == 'block') {
    e.style.display = 'none';
    return 0;
  }
  else {
    e.style.display = 'block';
    return 1;
  }
}

function toggleBox(szDivId, elem, msg1, msg2)
{
  var res = -1;  if (document.getElementById) {
    res = flip(document.getElementById(szDivId));
  }
  else if (document.all) {
    // this is the way old msie versions work
    res = flip(document.all[szDivId]);
  }
  if(elem) {
    if(res == 0) elem.innerHTML = msg1; else elem.innerHTML = msg2;
  }

}

function toggleAllBoxes() {
  if (document.getElementsByTagName) {
    d = document.getElementsByTagName('div');
    for (i = 0; i < d.length; i++) {
      if (d[i].className == 'log') {
        flip(d[i]);
      }
    }
  }
}

// -->
</script>

</head>
<body>
<h2 align='center'>FUnctionalTest</h2><table border='1' align="center">
<tr>
<td>Tests passed/Failed/Skipped:</td><td>8/1/0</td>
</tr><tr>
<td>Started on:</td><td>Tue May 15 13:56:07 MDT 2018</td>
</tr>
<tr><td>Total time:</td><td>0 seconds (109 ms)</td>
</tr><tr>
<td>Included groups:</td><td></td>
</tr><tr>
<td>Excluded groups:</td><td></td>
</tr>
</table><p/>
<small><i>(Hover the method name to see the test class name)</i></small><p/>
<table width='100%' border='1' class='invocation-failed'>
<tr><td colspan='4' align='center'><b>FAILED TESTS</b></td></tr>
<tr><td><b>Test method</b></td>
<td width="30%"><b>Exception</b></td>
<td width="10%"><b>Time (seconds)</b></td>
<td><b>Instance</b></td>
</tr>
<tr>
<td title='teststart.Test3.Demo7()'><b>Demo7</b><br>Test class: teststart.Test3</td>
<td><div><pre>java.lang.AssertionError: expected [true] but found [false]
	at teststart.Test3.Demo7(Test3.java:33)
	at java.base/java.util.concurrent.FutureTask.run(Unknown Source)
	at java.base/java.util.concurrent.ThreadPoolExecutor.runWorker(Unknown Source)
	at java.base/java.util.concurrent.ThreadPoolExecutor$Worker.run(Unknown Source)
	at java.base/java.lang.Thread.run(Unknown Source)
... Removed 20 stack frames</pre></div><a href='#' onClick='toggleBox("stack-trace1722401883", this, "Click to show all stack frames", "Click to hide stack frames")'>Click to show all stack frames</a>
<div class='stack-trace' id='stack-trace1722401883'><pre>java.lang.AssertionError: expected [true] but found [false]
	at org.testng.Assert.fail(Assert.java:96)
	at org.testng.Assert.failNotEquals(Assert.java:776)
	at org.testng.Assert.assertTrue(Assert.java:44)
	at org.testng.Assert.assertTrue(Assert.java:54)
	at teststart.Test3.Demo7(Test3.java:33)
	at java.base/jdk.internal.reflect.NativeMethodAccessorImpl.invoke0(Native Method)
	at java.base/jdk.internal.reflect.NativeMethodAccessorImpl.invoke(Unknown Source)
	at java.base/jdk.internal.reflect.DelegatingMethodAccessorImpl.invoke(Unknown Source)
	at java.base/java.lang.reflect.Method.invoke(Unknown Source)
	at org.testng.internal.MethodInvocationHelper.invokeMethod(MethodInvocationHelper.java:124)
	at org.testng.internal.Invoker.invokeMethod(Invoker.java:580)
	at org.testng.internal.Invoker.invokeTestMethod(Invoker.java:716)
	at org.testng.internal.Invoker.invokeTestMethods(Invoker.java:988)
	at org.testng.internal.TestMethodWorker.invokeTestMethods(TestMethodWorker.java:125)
	at org.testng.internal.TestMethodWorker.run(TestMethodWorker.java:109)
	at org.testng.TestRunner.privateRun(TestRunner.java:648)
	at org.testng.TestRunner.run(TestRunner.java:505)
	at org.testng.SuiteRunner.runTest(SuiteRunner.java:455)
	at org.testng.SuiteRunner.access$000(SuiteRunner.java:40)
	at org.testng.SuiteRunner$SuiteWorker.run(SuiteRunner.java:489)
	at org.testng.internal.thread.ThreadUtil$1.call(ThreadUtil.java:52)
	at java.base/java.util.concurrent.FutureTask.run(Unknown Source)
	at java.base/java.util.concurrent.ThreadPoolExecutor.runWorker(Unknown Source)
	at java.base/java.util.concurrent.ThreadPoolExecutor$Worker.run(Unknown Source)
	at java.base/java.lang.Thread.run(Unknown Source)
</pre></div></td>
<td>0</td>
<td>teststart.Test3@6a03bcb1</td></tr>
</table><p>
<table width='100%' border='1' class='invocation-passed'>
<tr><td colspan='4' align='center'><b>PASSED TESTS</b></td></tr>
<tr><td><b>Test method</b></td>
<td width="30%"><b>Exception</b></td>
<td width="10%"><b>Time (seconds)</b></td>
<td><b>Instance</b></td>
</tr>
<tr>
<td title='teststart.Test4.Demo10()'><b>Demo10</b><br>Test class: teststart.Test4</td>
<td></td>
<td>0</td>
<td>teststart.Test4@68567e20</td></tr>
<tr>
<td title='teststart.Test4.Demo11()'><b>Demo11</b><br>Test class: teststart.Test4</td>
<td></td>
<td>0</td>
<td>teststart.Test4@68567e20</td></tr>
<tr>
<td title='teststart.Test3.Demo4()'><b>Demo4</b><br>Test class: teststart.Test3</td>
<td></td>
<td>0</td>
<td>teststart.Test3@6a03bcb1</td></tr>
<tr>
<td title='teststart.Test3.Demo5()'><b>Demo5</b><br>Test class: teststart.Test3</td>
<td></td>
<td>0</td>
<td>teststart.Test3@6a03bcb1</td></tr>
<tr>
<td title='teststart.Test3.Demo6()'><b>Demo6</b><br>Test class: teststart.Test3<br>Parameters: A-1st row 1st col, B-1st row 2nd col</td>
<td></td>
<td>0</td>
<td>teststart.Test3@6a03bcb1</td></tr>
<tr>
<td title='teststart.Test3.Demo6()'><b>Demo6</b><br>Test class: teststart.Test3<br>Parameters: C-2nd row 1st col, D-2nd row 2nd col</td>
<td></td>
<td>0</td>
<td>teststart.Test3@6a03bcb1</td></tr>
<tr>
<td title='teststart.Test3.Demo6()'><b>Demo6</b><br>Test class: teststart.Test3<br>Parameters: E-3rd row 1st col, F-3rd row 2nd col</td>
<td></td>
<td>0</td>
<td>teststart.Test3@6a03bcb1</td></tr>
<tr>
<td title='teststart.Test4.Demo8()'><b>Demo8</b><br>Test class: teststart.Test4<br>Parameters: 874531, Syntel12</td>
<td></td>
<td>0</td>
<td>teststart.Test4@68567e20</td></tr>
</table><p>
</body>
</html>